<?xml version="1.0" encoding="UTF-8"?>
<!-- Generated by org.testng.reporters.JUnitXMLReporter -->
<testsuite hostname="LAPTOP-0SQGBIHP" ignored="0" name="Default test" tests="5" failures="0" timestamp="01 Jun 2023 07:32:26 GMT" time="0.054" errors="0">
  <testcase name="tc_1" time="0.009" classname="org.ngtest.ClassGrou"/>
  <testcase name="tc_2" time="0.002" classname="org.ngtest.ClassGrou"/>
  <testcase name="tc_3" time="0.001" classname="org.ngtest.ClassGrou"/>
  <testcase name="tc_4" time="0.001" classname="org.ngtest.ClassGrou"/>
  <testcase name="tc_5" time="0.001" classname="org.ngtest.ClassGrou"/>
</testsuite> <!-- Default test -->
