<?xml version="1.0" encoding="UTF-8"?>
<!-- Generated by org.testng.reporters.JUnitXMLReporter -->
<testsuite hostname="LAPTOP-0SQGBIHP" ignored="0" name="Test" tests="8" failures="0" timestamp="01 Jun 2023 07:48:21 GMT" time="0.096" errors="0">
  <testcase name="tc_1" time="0.015" classname="org.ngtest.ClassGrou"/>
  <testcase name="tc_4" time="0.016" classname="org.ngtest.ClassGrou"/>
  <testcase name="tc_5" time="0.0" classname="org.ngtest.ClassGrou"/>
  <testcase name="tc_6" time="0.0" classname="org.ngtest.Sampl"/>
  <testcase name="tc_7" time="0.0" classname="org.ngtest.Sampl"/>
  <testcase name="tc_8" time="0.0" classname="org.ngtest.Sampl"/>
  <testcase name="tc_2" time="0.0" classname="org.ngtest.ClassGrou"/>
  <testcase name="tc_3" time="0.016" classname="org.ngtest.ClassGrou"/>
</testsuite> <!-- Test -->
