<?xml version="1.0" encoding="UTF-8"?>
<testng-results skipped="0" failed="0" ignored="0" total="8" passed="8">
  <reporter-output>
  </reporter-output>
  <suite name="Suite" duration-ms="96" started-at="2023-06-01T07:48:21Z" finished-at="2023-06-01T07:48:21Z">
    <groups>
      <group name="reg">
        <method signature="ClassGrou.tc_2()[pri:0, instance:org.ngtest.ClassGrou@5702b3b1]" name="tc_2" class="org.ngtest.ClassGrou"/>
        <method signature="Sampl.tc_7()[pri:0, instance:org.ngtest.Sampl@69ea3742]" name="tc_7" class="org.ngtest.Sampl"/>
      </group> <!-- reg -->
      <group name="smoke">
        <method signature="ClassGrou.tc_1()[pri:0, instance:org.ngtest.ClassGrou@5702b3b1]" name="tc_1" class="org.ngtest.ClassGrou"/>
        <method signature="ClassGrou.tc_4()[pri:0, instance:org.ngtest.ClassGrou@5702b3b1]" name="tc_4" class="org.ngtest.ClassGrou"/>
        <method signature="Sampl.tc_6()[pri:0, instance:org.ngtest.Sampl@69ea3742]" name="tc_6" class="org.ngtest.Sampl"/>
      </group> <!-- smoke -->
      <group name="sanity">
        <method signature="ClassGrou.tc_3()[pri:0, instance:org.ngtest.ClassGrou@5702b3b1]" name="tc_3" class="org.ngtest.ClassGrou"/>
        <method signature="Sampl.tc_8()[pri:0, instance:org.ngtest.Sampl@69ea3742]" name="tc_8" class="org.ngtest.Sampl"/>
        <method signature="ClassGrou.tc_5()[pri:0, instance:org.ngtest.ClassGrou@5702b3b1]" name="tc_5" class="org.ngtest.ClassGrou"/>
      </group> <!-- sanity -->
    </groups>
    <test name="Test" duration-ms="96" started-at="2023-06-01T07:48:21Z" finished-at="2023-06-01T07:48:21Z">
      <class name="org.ngtest.ClassGrou">
        <test-method status="PASS" signature="tc_1()[pri:0, instance:org.ngtest.ClassGrou@5702b3b1]" name="tc_1" duration-ms="15" started-at="2023-06-01T07:48:21Z" finished-at="2023-06-01T07:48:21Z">
          <reporter-output>
          </reporter-output>
        </test-method> <!-- tc_1 -->
        <test-method status="PASS" signature="tc_4()[pri:0, instance:org.ngtest.ClassGrou@5702b3b1]" name="tc_4" duration-ms="16" started-at="2023-06-01T07:48:21Z" finished-at="2023-06-01T07:48:21Z">
          <reporter-output>
          </reporter-output>
        </test-method> <!-- tc_4 -->
        <test-method status="PASS" signature="tc_5()[pri:0, instance:org.ngtest.ClassGrou@5702b3b1]" name="tc_5" duration-ms="0" started-at="2023-06-01T07:48:21Z" finished-at="2023-06-01T07:48:21Z">
          <reporter-output>
          </reporter-output>
        </test-method> <!-- tc_5 -->
        <test-method status="PASS" signature="tc_3()[pri:0, instance:org.ngtest.ClassGrou@5702b3b1]" name="tc_3" duration-ms="16" depends-on-groups="reg" started-at="2023-06-01T07:48:21Z" finished-at="2023-06-01T07:48:21Z">
          <reporter-output>
          </reporter-output>
        </test-method> <!-- tc_3 -->
        <test-method status="PASS" signature="tc_2()[pri:0, instance:org.ngtest.ClassGrou@5702b3b1]" name="tc_2" duration-ms="0" depends-on-groups="smoke" started-at="2023-06-01T07:48:21Z" finished-at="2023-06-01T07:48:21Z">
          <reporter-output>
          </reporter-output>
        </test-method> <!-- tc_2 -->
      </class> <!-- org.ngtest.ClassGrou -->
      <class name="org.ngtest.Sampl">
        <test-method status="PASS" signature="tc_7()[pri:0, instance:org.ngtest.Sampl@69ea3742]" name="tc_7" duration-ms="0" started-at="2023-06-01T07:48:21Z" finished-at="2023-06-01T07:48:21Z">
          <reporter-output>
          </reporter-output>
        </test-method> <!-- tc_7 -->
        <test-method status="PASS" signature="tc_6()[pri:0, instance:org.ngtest.Sampl@69ea3742]" name="tc_6" duration-ms="0" started-at="2023-06-01T07:48:21Z" finished-at="2023-06-01T07:48:21Z">
          <reporter-output>
          </reporter-output>
        </test-method> <!-- tc_6 -->
        <test-method status="PASS" signature="tc_8()[pri:0, instance:org.ngtest.Sampl@69ea3742]" name="tc_8" duration-ms="0" started-at="2023-06-01T07:48:21Z" finished-at="2023-06-01T07:48:21Z">
          <reporter-output>
          </reporter-output>
        </test-method> <!-- tc_8 -->
      </class> <!-- org.ngtest.Sampl -->
    </test> <!-- Test -->
  </suite> <!-- Suite -->
</testng-results>
